{"contracts\\TikTakToe.sol":{"l":{"27":42,"28":42,"33":40,"34":40,"35":40,"36":40,"37":40,"38":40,"40":40,"51":10,"55":7,"58":7,"60":7,"66":5,"68":5,"69":5,"70":5,"72":5,"76":45,"77":45,"79":45,"81":36,"82":1,"86":9,"87":8,"88":8,"91":1,"92":1,"96":45,"101":92,"103":12,"104":11,"105":11,"108":1,"109":1,"110":1,"113":12,"114":12,"115":12,"120":2,"121":2,"126":47,"132":1,"133":1,"141":1,"142":1,"144":47,"148":45,"150":128,"151":2,"155":2,"159":41,"160":4,"163":1,"166":36,"174":332,"179":9,"181":323,"195":19,"199":42,"200":42,"201":42,"203":42,"204":21,"205":21,"207":21,"208":21,"210":21,"211":21,"212":21,"213":21,"214":21},"path":"C:\\Users\\Main\\Documents\\code\\MyLittleTikTakToe\\contracts\\TikTakToe.sol","s":{"1":42,"2":42,"3":40,"4":40,"5":40,"6":40,"7":40,"8":40,"9":10,"10":7,"11":7,"12":7,"13":5,"14":5,"15":5,"16":5,"17":5,"18":45,"19":45,"20":45,"21":36,"22":1,"23":9,"24":8,"25":8,"26":1,"27":1,"28":45,"29":92,"30":12,"31":11,"32":11,"33":1,"34":1,"35":1,"36":12,"37":12,"38":12,"39":2,"40":2,"41":47,"42":1,"43":1,"44":46,"45":1,"46":1,"47":47,"48":45,"49":128,"50":2,"51":126,"52":2,"53":41,"54":4,"55":37,"56":1,"57":36,"58":332,"59":9,"60":323,"61":19,"62":42,"63":42,"64":42,"65":42,"66":21,"67":21,"68":21,"69":21,"70":21,"71":21,"72":21,"73":21,"74":21},"b":{"1":[42,0],"2":[40,2],"3":[40,0],"4":[40,0],"5":[7,3],"6":[5,2],"7":[45,0],"8":[36,9],"9":[1,35],"10":[8,1],"11":[12,80],"12":[11,1],"13":[2,0],"14":[1,46],"15":[1,45],"16":[2,126],"17":[2,124],"18":[4,37],"19":[1,36],"20":[9,323],"21":[42,0],"22":[42,0],"23":[42,0],"24":[21,21]},"f":{"1":42,"2":10,"3":45,"4":92,"5":2,"6":47,"7":45,"8":332,"9":19,"10":42},"fnMap":{"1":{"name":"makeTurn","line":26,"loc":{"start":{"line":26,"column":4},"end":{"line":41,"column":4}}},"2":{"name":"requestStateSinc","line":43,"loc":{"start":{"line":43,"column":4},"end":{"line":73,"column":4}}},"3":{"name":"_checkForWin","line":75,"loc":{"start":{"line":75,"column":4},"end":{"line":97,"column":4}}},"4":{"name":"_endGame","line":99,"loc":{"start":{"line":99,"column":4},"end":{"line":117,"column":4}}},"5":{"name":"checkTimestampForPlayer","line":119,"loc":{"start":{"line":119,"column":4},"end":{"line":122,"column":4}}},"6":{"name":"_checkTimestamp","line":124,"loc":{"start":{"line":124,"column":4},"end":{"line":145,"column":4}}},"7":{"name":"_checkBoard","line":147,"loc":{"start":{"line":147,"column":4},"end":{"line":167,"column":4}}},"8":{"name":"_checkCages","line":169,"loc":{"start":{"line":169,"column":4},"end":{"line":183,"column":4}}},"9":{"name":"getLastState","line":185,"loc":{"start":{"line":185,"column":4},"end":{"line":196,"column":4}}},"10":{"name":"iWannaPlay","line":198,"loc":{"start":{"line":198,"column":4},"end":{"line":216,"column":4}}}},"statementMap":{"1":{"start":{"line":27,"column":8},"end":{"line":27,"column":31}},"2":{"start":{"line":28,"column":8},"end":{"line":28,"column":929}},"3":{"start":{"line":33,"column":8},"end":{"line":33,"column":31}},"4":{"start":{"line":34,"column":8},"end":{"line":34,"column":48}},"5":{"start":{"line":35,"column":8},"end":{"line":35,"column":34}},"6":{"start":{"line":36,"column":8},"end":{"line":36,"column":31}},"7":{"start":{"line":38,"column":8},"end":{"line":38,"column":21}},"8":{"start":{"line":40,"column":8},"end":{"line":40,"column":38}},"9":{"start":{"line":51,"column":8},"end":{"line":51,"column":1595}},"10":{"start":{"line":55,"column":8},"end":{"line":55,"column":1727}},"11":{"start":{"line":58,"column":8},"end":{"line":58,"column":71}},"12":{"start":{"line":60,"column":8},"end":{"line":60,"column":1953}},"13":{"start":{"line":66,"column":8},"end":{"line":66,"column":34}},"14":{"start":{"line":68,"column":8},"end":{"line":68,"column":21}},"15":{"start":{"line":69,"column":8},"end":{"line":69,"column":47}},"16":{"start":{"line":70,"column":8},"end":{"line":70,"column":27}},"17":{"start":{"line":72,"column":8},"end":{"line":72,"column":21}},"18":{"start":{"line":76,"column":8},"end":{"line":76,"column":28}},"19":{"start":{"line":77,"column":8},"end":{"line":77,"column":39}},"20":{"start":{"line":79,"column":8},"end":{"line":79,"column":2527}},"21":{"start":{"line":81,"column":12},"end":{"line":81,"column":2594}},"22":{"start":{"line":82,"column":16},"end":{"line":82,"column":31}},"23":{"start":{"line":86,"column":12},"end":{"line":86,"column":2727}},"24":{"start":{"line":87,"column":16},"end":{"line":87,"column":31}},"25":{"start":{"line":88,"column":16},"end":{"line":88,"column":31}},"26":{"start":{"line":91,"column":16},"end":{"line":91,"column":31}},"27":{"start":{"line":92,"column":16},"end":{"line":92,"column":31}},"28":{"start":{"line":96,"column":8},"end":{"line":96,"column":17}},"29":{"start":{"line":101,"column":8},"end":{"line":101,"column":3145}},"30":{"start":{"line":103,"column":12},"end":{"line":103,"column":3213}},"31":{"start":{"line":104,"column":16},"end":{"line":104,"column":36}},"32":{"start":{"line":105,"column":16},"end":{"line":105,"column":48}},"33":{"start":{"line":108,"column":16},"end":{"line":108,"column":43}},"34":{"start":{"line":109,"column":16},"end":{"line":109,"column":55}},"35":{"start":{"line":110,"column":16},"end":{"line":110,"column":55}},"36":{"start":{"line":113,"column":12},"end":{"line":113,"column":31}},"37":{"start":{"line":114,"column":12},"end":{"line":114,"column":31}},"38":{"start":{"line":115,"column":12},"end":{"line":115,"column":35}},"39":{"start":{"line":120,"column":8},"end":{"line":120,"column":63}},"40":{"start":{"line":121,"column":8},"end":{"line":121,"column":30}},"41":{"start":{"line":126,"column":8},"end":{"line":126,"column":4081}},"42":{"start":{"line":132,"column":12},"end":{"line":132,"column":27}},"43":{"start":{"line":133,"column":12},"end":{"line":133,"column":27}},"44":{"start":{"line":135,"column":15},"end":{"line":135,"column":4409}},"45":{"start":{"line":141,"column":12},"end":{"line":141,"column":27}},"46":{"start":{"line":142,"column":12},"end":{"line":142,"column":27}},"47":{"start":{"line":144,"column":8},"end":{"line":144,"column":17}},"48":{"start":{"line":148,"column":8},"end":{"line":148,"column":4767}},"49":{"start":{"line":150,"column":12},"end":{"line":150,"column":4854}},"50":{"start":{"line":151,"column":16},"end":{"line":151,"column":33}},"51":{"start":{"line":154,"column":17},"end":{"line":154,"column":5013}},"52":{"start":{"line":155,"column":16},"end":{"line":155,"column":31}},"53":{"start":{"line":159,"column":8},"end":{"line":159,"column":5151}},"54":{"start":{"line":160,"column":12},"end":{"line":160,"column":27}},"55":{"start":{"line":162,"column":15},"end":{"line":162,"column":5259}},"56":{"start":{"line":163,"column":12},"end":{"line":163,"column":27}},"57":{"start":{"line":166,"column":8},"end":{"line":166,"column":25}},"58":{"start":{"line":174,"column":8},"end":{"line":174,"column":5523}},"59":{"start":{"line":179,"column":12},"end":{"line":179,"column":23}},"60":{"start":{"line":181,"column":12},"end":{"line":181,"column":24}},"61":{"start":{"line":195,"column":8},"end":{"line":195,"column":50}},"62":{"start":{"line":199,"column":8},"end":{"line":199,"column":32}},"63":{"start":{"line":200,"column":8},"end":{"line":200,"column":69}},"64":{"start":{"line":201,"column":8},"end":{"line":201,"column":49}},"65":{"start":{"line":203,"column":8},"end":{"line":203,"column":6215}},"66":{"start":{"line":204,"column":12},"end":{"line":204,"column":31}},"67":{"start":{"line":205,"column":12},"end":{"line":205,"column":41}},"68":{"start":{"line":207,"column":12},"end":{"line":207,"column":31}},"69":{"start":{"line":208,"column":12},"end":{"line":208,"column":30}},"70":{"start":{"line":210,"column":12},"end":{"line":210,"column":41}},"71":{"start":{"line":211,"column":12},"end":{"line":211,"column":46}},"72":{"start":{"line":212,"column":12},"end":{"line":212,"column":26}},"73":{"start":{"line":213,"column":12},"end":{"line":213,"column":23}},"74":{"start":{"line":214,"column":12},"end":{"line":214,"column":41}}},"branchMap":{"1":{"line":27,"type":"if","locations":[{"start":{"line":27,"column":8},"end":{"line":27,"column":8}},{"start":{"line":27,"column":8},"end":{"line":27,"column":8}}]},"2":{"line":28,"type":"if","locations":[{"start":{"line":28,"column":8},"end":{"line":28,"column":8}},{"start":{"line":28,"column":8},"end":{"line":28,"column":8}}]},"3":{"line":33,"type":"if","locations":[{"start":{"line":33,"column":8},"end":{"line":33,"column":8}},{"start":{"line":33,"column":8},"end":{"line":33,"column":8}}]},"4":{"line":34,"type":"if","locations":[{"start":{"line":34,"column":8},"end":{"line":34,"column":8}},{"start":{"line":34,"column":8},"end":{"line":34,"column":8}}]},"5":{"line":51,"type":"if","locations":[{"start":{"line":51,"column":8},"end":{"line":51,"column":8}},{"start":{"line":51,"column":8},"end":{"line":51,"column":8}}]},"6":{"line":60,"type":"if","locations":[{"start":{"line":60,"column":8},"end":{"line":60,"column":8}},{"start":{"line":60,"column":8},"end":{"line":60,"column":8}}]},"7":{"line":76,"type":"if","locations":[{"start":{"line":76,"column":8},"end":{"line":76,"column":8}},{"start":{"line":76,"column":8},"end":{"line":76,"column":8}}]},"8":{"line":79,"type":"if","locations":[{"start":{"line":79,"column":8},"end":{"line":79,"column":8}},{"start":{"line":79,"column":8},"end":{"line":79,"column":8}}]},"9":{"line":81,"type":"if","locations":[{"start":{"line":81,"column":12},"end":{"line":81,"column":12}},{"start":{"line":81,"column":12},"end":{"line":81,"column":12}}]},"10":{"line":86,"type":"if","locations":[{"start":{"line":86,"column":12},"end":{"line":86,"column":12}},{"start":{"line":86,"column":12},"end":{"line":86,"column":12}}]},"11":{"line":101,"type":"if","locations":[{"start":{"line":101,"column":8},"end":{"line":101,"column":8}},{"start":{"line":101,"column":8},"end":{"line":101,"column":8}}]},"12":{"line":103,"type":"if","locations":[{"start":{"line":103,"column":12},"end":{"line":103,"column":12}},{"start":{"line":103,"column":12},"end":{"line":103,"column":12}}]},"13":{"line":120,"type":"if","locations":[{"start":{"line":120,"column":8},"end":{"line":120,"column":8}},{"start":{"line":120,"column":8},"end":{"line":120,"column":8}}]},"14":{"line":126,"type":"if","locations":[{"start":{"line":126,"column":8},"end":{"line":126,"column":8}},{"start":{"line":126,"column":8},"end":{"line":126,"column":8}}]},"15":{"line":135,"type":"if","locations":[{"start":{"line":135,"column":15},"end":{"line":135,"column":15}},{"start":{"line":135,"column":15},"end":{"line":135,"column":15}}]},"16":{"line":150,"type":"if","locations":[{"start":{"line":150,"column":12},"end":{"line":150,"column":12}},{"start":{"line":150,"column":12},"end":{"line":150,"column":12}}]},"17":{"line":154,"type":"if","locations":[{"start":{"line":154,"column":17},"end":{"line":154,"column":17}},{"start":{"line":154,"column":17},"end":{"line":154,"column":17}}]},"18":{"line":159,"type":"if","locations":[{"start":{"line":159,"column":8},"end":{"line":159,"column":8}},{"start":{"line":159,"column":8},"end":{"line":159,"column":8}}]},"19":{"line":162,"type":"if","locations":[{"start":{"line":162,"column":15},"end":{"line":162,"column":15}},{"start":{"line":162,"column":15},"end":{"line":162,"column":15}}]},"20":{"line":174,"type":"if","locations":[{"start":{"line":174,"column":8},"end":{"line":174,"column":8}},{"start":{"line":174,"column":8},"end":{"line":174,"column":8}}]},"21":{"line":199,"type":"if","locations":[{"start":{"line":199,"column":8},"end":{"line":199,"column":8}},{"start":{"line":199,"column":8},"end":{"line":199,"column":8}}]},"22":{"line":200,"type":"if","locations":[{"start":{"line":200,"column":8},"end":{"line":200,"column":8}},{"start":{"line":200,"column":8},"end":{"line":200,"column":8}}]},"23":{"line":201,"type":"if","locations":[{"start":{"line":201,"column":8},"end":{"line":201,"column":8}},{"start":{"line":201,"column":8},"end":{"line":201,"column":8}}]},"24":{"line":203,"type":"if","locations":[{"start":{"line":203,"column":8},"end":{"line":203,"column":8}},{"start":{"line":203,"column":8},"end":{"line":203,"column":8}}]}}}}