{
"contracts\\TikTakToe.sol":{"l":{"28":42,"29":42,"34":40,"35":40,"36":40,"37":40,"38":40,"39":40,"41":40,"52":10,"56":7,"59":7,"61":7,"67":5,"69":5,"70":5,"71":5,"73":5,"77":45,"78":45,"80":45,"82":36,"83":1,"87":9,"88":8,"89":8,"92":1,"93":1,"97":45,"102":92,"104":12,"105":11,"106":11,"109":1,"110":1,"111":1,"114":12,"115":12,"116":12,"121":2,"122":2,"127":47,"133":1,"134":1,"142":1,"143":1,"145":47,"149":45,"151":128,"152":2,"156":2,"160":41,"161":4,"164":1,"167":36,"175":332,"180":9,"182":323,"196":19,"200":1,"201":1,"202":1,"203":1,"207":43,"208":43,"209":43,"211":43,"212":22,"213":22,"215":21,"216":21,"218":21,"219":21,"220":21,"221":21,"222":21},"path":"C:\\Users\\Main\\Documents\\code\\MyLittleTikTakToe\\contracts\\TikTakToe.sol","s":{"1":42,"2":42,"3":40,"4":40,"5":40,"6":40,"7":40,"8":40,"9":10,"10":7,"11":7,"12":7,"13":5,"14":5,"15":5,"16":5,"17":5,"18":45,"19":45,"20":45,"21":36,"22":1,"23":9,"24":8,"25":8,"26":1,"27":1,"28":45,"29":92,"30":12,"31":11,"32":11,"33":1,"34":1,"35":1,"36":12,"37":12,"38":12,"39":2,"40":2,"41":47,"42":1,"43":1,"44":46,"45":1,"46":1,"47":47,"48":45,"49":128,"50":2,"51":126,"52":2,"53":41,"54":4,"55":37,"56":1,"57":36,"58":332,"59":9,"60":323,"61":19,"62":1,"63":1,"64":1,"65":1,"66":43,"67":43,"68":43,"69":43,"70":22,"71":22,"72":21,"73":21,"74":21,"75":21,"76":21,"77":21,"78":21},"b":{"1":[42,0],"2":[40,2],"3":[40,0],"4":[40,0],"5":[7,3],"6":[5,2],"7":[45,0],"8":[36,9],"9":[1,35],"10":[8,1],"11":[12,80],"12":[11,1],"13":[2,0],"14":[1,46],"15":[1,45],"16":[2,126],"17":[2,124],"18":[4,37],"19":[1,36],"20":[9,323],"21":[1,0],"22":[43,0],"23":[43,0],"24":[43,0],"25":[22,21]},"f":{"1":42,"2":10,"3":45,"4":92,"5":2,"6":47,"7":45,"8":332,"9":19,"10":1,"11":43},"fnMap":{"1":{"name":"makeTurn","line":27,"loc":{"start":{"line":27,"column":4},"end":{"line":42,"column":4}}},"2":{"name":"requestStateSinc","line":44,"loc":{"start":{"line":44,"column":4},"end":{"line":74,"column":4}}},"3":{"name":"_checkForWin","line":76,"loc":{"start":{"line":76,"column":4},"end":{"line":98,"column":4}}},"4":{"name":"_endGame","line":100,"loc":{"start":{"line":100,"column":4},"end":{"line":118,"column":4}}},"5":{"name":"checkTimestampForPlayer","line":120,"loc":{"start":{"line":120,"column":4},"end":{"line":123,"column":4}}},"6":{"name":"_checkTimestamp","line":125,"loc":{"start":{"line":125,"column":4},"end":{"line":146,"column":4}}},"7":{"name":"_checkBoard","line":148,"loc":{"start":{"line":148,"column":4},"end":{"line":168,"column":4}}},"8":{"name":"_checkCages","line":170,"loc":{"start":{"line":170,"column":4},"end":{"line":184,"column":4}}},"9":{"name":"getLastState","line":186,"loc":{"start":{"line":186,"column":4},"end":{"line":197,"column":4}}},"10":{"name":"iDontPlay","line":199,"loc":{"start":{"line":199,"column":4},"end":{"line":204,"column":4}}},"11":{"name":"iWannaPlay","line":206,"loc":{"start":{"line":206,"column":4},"end":{"line":224,"column":4}}}},"statementMap":{"1":{"start":{"line":28,"column":8},"end":{"line":28,"column":31}},"2":{"start":{"line":29,"column":8},"end":{"line":29,"column":968}},"3":{"start":{"line":34,"column":8},"end":{"line":34,"column":31}},"4":{"start":{"line":35,"column":8},"end":{"line":35,"column":48}},"5":{"start":{"line":36,"column":8},"end":{"line":36,"column":34}},"6":{"start":{"line":37,"column":8},"end":{"line":37,"column":31}},"7":{"start":{"line":39,"column":8},"end":{"line":39,"column":21}},"8":{"start":{"line":41,"column":8},"end":{"line":41,"column":38}},"9":{"start":{"line":52,"column":8},"end":{"line":52,"column":1634}},"10":{"start":{"line":56,"column":8},"end":{"line":56,"column":1766}},"11":{"start":{"line":59,"column":8},"end":{"line":59,"column":71}},"12":{"start":{"line":61,"column":8},"end":{"line":61,"column":1992}},"13":{"start":{"line":67,"column":8},"end":{"line":67,"column":34}},"14":{"start":{"line":69,"column":8},"end":{"line":69,"column":21}},"15":{"start":{"line":70,"column":8},"end":{"line":70,"column":47}},"16":{"start":{"line":71,"column":8},"end":{"line":71,"column":27}},"17":{"start":{"line":73,"column":8},"end":{"line":73,"column":21}},"18":{"start":{"line":77,"column":8},"end":{"line":77,"column":28}},"19":{"start":{"line":78,"column":8},"end":{"line":78,"column":39}},"20":{"start":{"line":80,"column":8},"end":{"line":80,"column":2566}},"21":{"start":{"line":82,"column":12},"end":{"line":82,"column":2633}},"22":{"start":{"line":83,"column":16},"end":{"line":83,"column":31}},"23":{"start":{"line":87,"column":12},"end":{"line":87,"column":2766}},"24":{"start":{"line":88,"column":16},"end":{"line":88,"column":31}},"25":{"start":{"line":89,"column":16},"end":{"line":89,"column":31}},"26":{"start":{"line":92,"column":16},"end":{"line":92,"column":31}},"27":{"start":{"line":93,"column":16},"end":{"line":93,"column":31}},"28":{"start":{"line":97,"column":8},"end":{"line":97,"column":17}},"29":{"start":{"line":102,"column":8},"end":{"line":102,"column":3184}},"30":{"start":{"line":104,"column":12},"end":{"line":104,"column":3252}},"31":{"start":{"line":105,"column":16},"end":{"line":105,"column":36}},"32":{"start":{"line":106,"column":16},"end":{"line":106,"column":48}},"33":{"start":{"line":109,"column":16},"end":{"line":109,"column":43}},"34":{"start":{"line":110,"column":16},"end":{"line":110,"column":55}},"35":{"start":{"line":111,"column":16},"end":{"line":111,"column":55}},"36":{"start":{"line":114,"column":12},"end":{"line":114,"column":31}},"37":{"start":{"line":115,"column":12},"end":{"line":115,"column":31}},"38":{"start":{"line":116,"column":12},"end":{"line":116,"column":35}},"39":{"start":{"line":121,"column":8},"end":{"line":121,"column":63}},"40":{"start":{"line":122,"column":8},"end":{"line":122,"column":30}},"41":{"start":{"line":127,"column":8},"end":{"line":127,"column":4120}},"42":{"start":{"line":133,"column":12},"end":{"line":133,"column":27}},"43":{"start":{"line":134,"column":12},"end":{"line":134,"column":27}},"44":{"start":{"line":136,"column":15},"end":{"line":136,"column":4448}},"45":{"start":{"line":142,"column":12},"end":{"line":142,"column":27}},"46":{"start":{"line":143,"column":12},"end":{"line":143,"column":27}},"47":{"start":{"line":145,"column":8},"end":{"line":145,"column":17}},"48":{"start":{"line":149,"column":8},"end":{"line":149,"column":4806}},"49":{"start":{"line":151,"column":12},"end":{"line":151,"column":4893}},"50":{"start":{"line":152,"column":16},"end":{"line":152,"column":33}},"51":{"start":{"line":155,"column":17},"end":{"line":155,"column":5052}},"52":{"start":{"line":156,"column":16},"end":{"line":156,"column":31}},"53":{"start":{"line":160,"column":8},"end":{"line":160,"column":5190}},"54":{"start":{"line":161,"column":12},"end":{"line":161,"column":27}},"55":{"start":{"line":163,"column":15},"end":{"line":163,"column":5298}},"56":{"start":{"line":164,"column":12},"end":{"line":164,"column":27}},"57":{"start":{"line":167,"column":8},"end":{"line":167,"column":25}},"58":{"start":{"line":175,"column":8},"end":{"line":175,"column":5562}},"59":{"start":{"line":180,"column":12},"end":{"line":180,"column":23}},"60":{"start":{"line":182,"column":12},"end":{"line":182,"column":24}},"61":{"start":{"line":196,"column":8},"end":{"line":196,"column":50}},"62":{"start":{"line":200,"column":8},"end":{"line":200,"column":83}},"63":{"start":{"line":201,"column":8},"end":{"line":201,"column":27}},"64":{"start":{"line":202,"column":8},"end":{"line":202,"column":35}},"65":{"start":{"line":203,"column":8},"end":{"line":203,"column":50}},"66":{"start":{"line":207,"column":8},"end":{"line":207,"column":32}},"67":{"start":{"line":208,"column":8},"end":{"line":208,"column":69}},"68":{"start":{"line":209,"column":8},"end":{"line":209,"column":49}},"69":{"start":{"line":211,"column":8},"end":{"line":211,"column":6510}},"70":{"start":{"line":212,"column":12},"end":{"line":212,"column":31}},"71":{"start":{"line":213,"column":12},"end":{"line":213,"column":41}},"72":{"start":{"line":215,"column":12},"end":{"line":215,"column":31}},"73":{"start":{"line":216,"column":12},"end":{"line":216,"column":30}},"74":{"start":{"line":218,"column":12},"end":{"line":218,"column":41}},"75":{"start":{"line":219,"column":12},"end":{"line":219,"column":46}},"76":{"start":{"line":220,"column":12},"end":{"line":220,"column":26}},"77":{"start":{"line":221,"column":12},"end":{"line":221,"column":23}},"78":{"start":{"line":222,"column":12},"end":{"line":222,"column":41}}},"branchMap":{"1":{"line":28,"type":"if","locations":[{"start":{"line":28,"column":8},"end":{"line":28,"column":8}},{"start":{"line":28,"column":8},"end":{"line":28,"column":8}}]},"2":{"line":29,"type":"if","locations":[{"start":{"line":29,"column":8},"end":{"line":29,"column":8}},{"start":{"line":29,"column":8},"end":{"line":29,"column":8}}]},"3":{"line":34,"type":"if","locations":[{"start":{"line":34,"column":8},"end":{"line":34,"column":8}},{"start":{"line":34,"column":8},"end":{"line":34,"column":8}}]},"4":{"line":35,"type":"if","locations":[{"start":{"line":35,"column":8},"end":{"line":35,"column":8}},{"start":{"line":35,"column":8},"end":{"line":35,"column":8}}]},"5":{"line":52,"type":"if","locations":[{"start":{"line":52,"column":8},"end":{"line":52,"column":8}},{"start":{"line":52,"column":8},"end":{"line":52,"column":8}}]},"6":{"line":61,"type":"if","locations":[{"start":{"line":61,"column":8},"end":{"line":61,"column":8}},{"start":{"line":61,"column":8},"end":{"line":61,"column":8}}]},"7":{"line":77,"type":"if","locations":[{"start":{"line":77,"column":8},"end":{"line":77,"column":8}},{"start":{"line":77,"column":8},"end":{"line":77,"column":8}}]},"8":{"line":80,"type":"if","locations":[{"start":{"line":80,"column":8},"end":{"line":80,"column":8}},{"start":{"line":80,"column":8},"end":{"line":80,"column":8}}]},"9":{"line":82,"type":"if","locations":[{"start":{"line":82,"column":12},"end":{"line":82,"column":12}},{"start":{"line":82,"column":12},"end":{"line":82,"column":12}}]},"10":{"line":87,"type":"if","locations":[{"start":{"line":87,"column":12},"end":{"line":87,"column":12}},{"start":{"line":87,"column":12},"end":{"line":87,"column":12}}]},"11":{"line":102,"type":"if","locations":[{"start":{"line":102,"column":8},"end":{"line":102,"column":8}},{"start":{"line":102,"column":8},"end":{"line":102,"column":8}}]},"12":{"line":104,"type":"if","locations":[{"start":{"line":104,"column":12},"end":{"line":104,"column":12}},{"start":{"line":104,"column":12},"end":{"line":104,"column":12}}]},"13":{"line":121,"type":"if","locations":[{"start":{"line":121,"column":8},"end":{"line":121,"column":8}},{"start":{"line":121,"column":8},"end":{"line":121,"column":8}}]},"14":{"line":127,"type":"if","locations":[{"start":{"line":127,"column":8},"end":{"line":127,"column":8}},{"start":{"line":127,"column":8},"end":{"line":127,"column":8}}]},"15":{"line":136,"type":"if","locations":[{"start":{"line":136,"column":15},"end":{"line":136,"column":15}},{"start":{"line":136,"column":15},"end":{"line":136,"column":15}}]},"16":{"line":151,"type":"if","locations":[{"start":{"line":151,"column":12},"end":{"line":151,"column":12}},{"start":{"line":151,"column":12},"end":{"line":151,"column":12}}]},"17":{"line":155,"type":"if","locations":[{"start":{"line":155,"column":17},"end":{"line":155,"column":17}},{"start":{"line":155,"column":17},"end":{"line":155,"column":17}}]},"18":{"line":160,"type":"if","locations":[{"start":{"line":160,"column":8},"end":{"line":160,"column":8}},{"start":{"line":160,"column":8},"end":{"line":160,"column":8}}]},"19":{"line":163,"type":"if","locations":[{"start":{"line":163,"column":15},"end":{"line":163,"column":15}},{"start":{"line":163,"column":15},"end":{"line":163,"column":15}}]},"20":{"line":175,"type":"if","locations":[{"start":{"line":175,"column":8},"end":{"line":175,"column":8}},{"start":{"line":175,"column":8},"end":{"line":175,"column":8}}]},"21":{"line":200,"type":"if","locations":[{"start":{"line":200,"column":8},"end":{"line":200,"column":8}},{"start":{"line":200,"column":8},"end":{"line":200,"column":8}}]},"22":{"line":207,"type":"if","locations":[{"start":{"line":207,"column":8},"end":{"line":207,"column":8}},{"start":{"line":207,"column":8},"end":{"line":207,"column":8}}]},"23":{"line":208,"type":"if","locations":[{"start":{"line":208,"column":8},"end":{"line":208,"column":8}},{"start":{"line":208,"column":8},"end":{"line":208,"column":8}}]},"24":{"line":209,"type":"if","locations":[{"start":{"line":209,"column":8},"end":{"line":209,"column":8}},{"start":{"line":209,"column":8},"end":{"line":209,"column":8}}]},"25":{"line":211,"type":"if","locations":[{"start":{"line":211,"column":8},"end":{"line":211,"column":8}},{"start":{"line":211,"column":8},"end":{"line":211,"column":8}}]}}}}
