TN:
SF:C:\Users\Main\Documents\code\MyLittleTikTakToe\contracts\TikTakToe.sol
FN:26,makeTurn
FN:43,requestStateSinc
FN:75,_checkForWin
FN:99,_endGame
FN:119,checkTimestampForPlayer
FN:124,_checkTimestamp
FN:147,_checkBoard
FN:169,_checkCages
FN:185,getLastState
FN:198,iWannaPlay
FNF:10
FNH:10
FNDA:42,makeTurn
FNDA:10,requestStateSinc
FNDA:45,_checkForWin
FNDA:92,_endGame
FNDA:2,checkTimestampForPlayer
FNDA:47,_checkTimestamp
FNDA:45,_checkBoard
FNDA:332,_checkCages
FNDA:19,getLastState
FNDA:42,iWannaPlay
DA:27,42
DA:28,42
DA:33,40
DA:34,40
DA:35,40
DA:36,40
DA:37,40
DA:38,40
DA:40,40
DA:51,10
DA:55,7
DA:58,7
DA:60,7
DA:66,5
DA:68,5
DA:69,5
DA:70,5
DA:72,5
DA:76,45
DA:77,45
DA:79,45
DA:81,36
DA:82,1
DA:86,9
DA:87,8
DA:88,8
DA:91,1
DA:92,1
DA:96,45
DA:101,92
DA:103,12
DA:104,11
DA:105,11
DA:108,1
DA:109,1
DA:110,1
DA:113,12
DA:114,12
DA:115,12
DA:120,2
DA:121,2
DA:126,47
DA:132,1
DA:133,1
DA:141,1
DA:142,1
DA:144,47
DA:148,45
DA:150,128
DA:151,2
DA:155,2
DA:159,41
DA:160,4
DA:163,1
DA:166,36
DA:174,332
DA:179,9
DA:181,323
DA:195,19
DA:199,42
DA:200,42
DA:201,42
DA:203,42
DA:204,21
DA:205,21
DA:207,21
DA:208,21
DA:210,21
DA:211,21
DA:212,21
DA:213,21
DA:214,21
LF:72
LH:72
BRDA:27,1,0,42
BRDA:27,1,1,0
BRDA:28,2,0,40
BRDA:28,2,1,2
BRDA:33,3,0,40
BRDA:33,3,1,0
BRDA:34,4,0,40
BRDA:34,4,1,0
BRDA:51,5,0,7
BRDA:51,5,1,3
BRDA:60,6,0,5
BRDA:60,6,1,2
BRDA:76,7,0,45
BRDA:76,7,1,0
BRDA:79,8,0,36
BRDA:79,8,1,9
BRDA:81,9,0,1
BRDA:81,9,1,35
BRDA:86,10,0,8
BRDA:86,10,1,1
BRDA:101,11,0,12
BRDA:101,11,1,80
BRDA:103,12,0,11
BRDA:103,12,1,1
BRDA:120,13,0,2
BRDA:120,13,1,0
BRDA:126,14,0,1
BRDA:126,14,1,46
BRDA:135,15,0,1
BRDA:135,15,1,45
BRDA:150,16,0,2
BRDA:150,16,1,126
BRDA:154,17,0,2
BRDA:154,17,1,124
BRDA:159,18,0,4
BRDA:159,18,1,37
BRDA:162,19,0,1
BRDA:162,19,1,36
BRDA:174,20,0,9
BRDA:174,20,1,323
BRDA:199,21,0,42
BRDA:199,21,1,0
BRDA:200,22,0,42
BRDA:200,22,1,0
BRDA:201,23,0,42
BRDA:201,23,1,0
BRDA:203,24,0,21
BRDA:203,24,1,21
BRF:48
BRH:40
end_of_record
