TN:
SF:C:\Users\Main\Documents\code\MyLittleTikTakToe\contracts\TikTakToe.sol
FN:27,makeTurn
FN:44,requestStateSinc
FN:76,_checkForWin
FN:100,_endGame
FN:120,checkTimestampForPlayer
FN:125,_checkTimestamp
FN:148,_checkBoard
FN:170,_checkCages
FN:186,getLastState
FN:199,iDontPlay
FN:206,iWannaPlay
FNF:11
FNH:11
FNDA:42,makeTurn
FNDA:10,requestStateSinc
FNDA:45,_checkForWin
FNDA:92,_endGame
FNDA:2,checkTimestampForPlayer
FNDA:47,_checkTimestamp
FNDA:45,_checkBoard
FNDA:332,_checkCages
FNDA:19,getLastState
FNDA:1,iDontPlay
FNDA:43,iWannaPlay
DA:28,42
DA:29,42
DA:34,40
DA:35,40
DA:36,40
DA:37,40
DA:38,40
DA:39,40
DA:41,40
DA:52,10
DA:56,7
DA:59,7
DA:61,7
DA:67,5
DA:69,5
DA:70,5
DA:71,5
DA:73,5
DA:77,45
DA:78,45
DA:80,45
DA:82,36
DA:83,1
DA:87,9
DA:88,8
DA:89,8
DA:92,1
DA:93,1
DA:97,45
DA:102,92
DA:104,12
DA:105,11
DA:106,11
DA:109,1
DA:110,1
DA:111,1
DA:114,12
DA:115,12
DA:116,12
DA:121,2
DA:122,2
DA:127,47
DA:133,1
DA:134,1
DA:142,1
DA:143,1
DA:145,47
DA:149,45
DA:151,128
DA:152,2
DA:156,2
DA:160,41
DA:161,4
DA:164,1
DA:167,36
DA:175,332
DA:180,9
DA:182,323
DA:196,19
DA:200,1
DA:201,1
DA:202,1
DA:203,1
DA:207,43
DA:208,43
DA:209,43
DA:211,43
DA:212,22
DA:213,22
DA:215,21
DA:216,21
DA:218,21
DA:219,21
DA:220,21
DA:221,21
DA:222,21
LF:76
LH:76
BRDA:28,1,0,42
BRDA:28,1,1,0
BRDA:29,2,0,40
BRDA:29,2,1,2
BRDA:34,3,0,40
BRDA:34,3,1,0
BRDA:35,4,0,40
BRDA:35,4,1,0
BRDA:52,5,0,7
BRDA:52,5,1,3
BRDA:61,6,0,5
BRDA:61,6,1,2
BRDA:77,7,0,45
BRDA:77,7,1,0
BRDA:80,8,0,36
BRDA:80,8,1,9
BRDA:82,9,0,1
BRDA:82,9,1,35
BRDA:87,10,0,8
BRDA:87,10,1,1
BRDA:102,11,0,12
BRDA:102,11,1,80
BRDA:104,12,0,11
BRDA:104,12,1,1
BRDA:121,13,0,2
BRDA:121,13,1,0
BRDA:127,14,0,1
BRDA:127,14,1,46
BRDA:136,15,0,1
BRDA:136,15,1,45
BRDA:151,16,0,2
BRDA:151,16,1,126
BRDA:155,17,0,2
BRDA:155,17,1,124
BRDA:160,18,0,4
BRDA:160,18,1,37
BRDA:163,19,0,1
BRDA:163,19,1,36
BRDA:175,20,0,9
BRDA:175,20,1,323
BRDA:200,21,0,1
BRDA:200,21,1,0
BRDA:207,22,0,43
BRDA:207,22,1,0
BRDA:208,23,0,43
BRDA:208,23,1,0
BRDA:209,24,0,43
BRDA:209,24,1,0
BRDA:211,25,0,22
BRDA:211,25,1,21
BRF:50
BRH:41
end_of_record
